total 44
drwxr-xr-x 1 NextLevelCode users   172 Dec 28 22:39 .
drwxr-xr-x 1 NextLevelCode users   578 Dec 17 08:19 ..
drwxr-xr-x 1 NextLevelCode users   182 Dec 28 19:08 .git
-rw-r--r-- 1 NextLevelCode users     8 Oct 30 00:50 .gitignore
-rw-r--r-- 1 NextLevelCode users 22034 Dec 28 13:40 Cargo.lock
-rw-r--r-- 1 NextLevelCode users   354 Dec 28 20:21 Cargo.toml
-rw-r--r-- 1 NextLevelCode users   223 Dec 28 20:27 Dockerfile
-rw-r--r-- 1 NextLevelCode users  2690 Nov  1 01:33 README.md
drwxr-xr-x 1 NextLevelCode users    14 Oct 31 13:07 assets
-rw-r--r-- 1 NextLevelCode users   258 Dec 28 22:45 docker-compose.yml
drwxr-xr-x 1 NextLevelCode users   372 Dec 28 21:27 src
drwxr-xr-x 1 NextLevelCode users    80 Dec 28 20:20 target
total 44
drwxr-xr-x 1 NextLevelCode users   172 Dec 28 22:39 .
drwxr-xr-x 1 NextLevelCode users   578 Dec 17 08:19 ..
drwxr-xr-x 1 NextLevelCode users   182 Dec 28 19:08 .git
-rw-r--r-- 1 NextLevelCode users     8 Oct 30 00:50 .gitignore
-rw-r--r-- 1 NextLevelCode users 22034 Dec 28 13:40 Cargo.lock
-rw-r--r-- 1 NextLevelCode users   354 Dec 28 20:21 Cargo.toml
-rw-r--r-- 1 NextLevelCode users   223 Dec 28 20:27 Dockerfile
-rw-r--r-- 1 NextLevelCode users  2690 Nov  1 01:33 README.md
drwxr-xr-x 1 NextLevelCode users    14 Oct 31 13:07 assets
-rw-r--r-- 1 NextLevelCode users   258 Dec 28 22:45 docker-compose.yml
drwxr-xr-x 1 NextLevelCode users   372 Dec 28 21:27 src
drwxr-xr-x 1 NextLevelCode users    80 Dec 28 20:20 target
total 44
drwxr-xr-x 1 NextLevelCode users   172 Dec 28 22:39 .
drwxr-xr-x 1 NextLevelCode users   578 Dec 17 08:19 ..
drwxr-xr-x 1 NextLevelCode users   182 Dec 28 19:08 .git
-rw-r--r-- 1 NextLevelCode users     8 Oct 30 00:50 .gitignore
-rw-r--r-- 1 NextLevelCode users 22034 Dec 28 13:40 Cargo.lock
-rw-r--r-- 1 NextLevelCode users   354 Dec 28 20:21 Cargo.toml
-rw-r--r-- 1 NextLevelCode users   223 Dec 28 20:27 Dockerfile
-rw-r--r-- 1 NextLevelCode users  2690 Nov  1 01:33 README.md
drwxr-xr-x 1 NextLevelCode users    14 Oct 31 13:07 assets
-rw-r--r-- 1 NextLevelCode users   258 Dec 28 22:45 docker-compose.yml
drwxr-xr-x 1 NextLevelCode users   372 Dec 28 21:27 src
drwxr-xr-x 1 NextLevelCode users    80 Dec 28 20:20 target
total 44
drwxr-xr-x 1 NextLevelCode users   172 Dec 28 22:39 .
drwxr-xr-x 1 NextLevelCode users   578 Dec 17 08:19 ..
drwxr-xr-x 1 NextLevelCode users   182 Dec 31 09:12 .git
-rw-r--r-- 1 NextLevelCode users     8 Oct 30 00:50 .gitignore
-rw-r--r-- 1 NextLevelCode users 22034 Dec 28 13:40 Cargo.lock
-rw-r--r-- 1 NextLevelCode users   354 Dec 28 20:21 Cargo.toml
-rw-r--r-- 1 NextLevelCode users   223 Dec 28 20:27 Dockerfile
-rw-r--r-- 1 NextLevelCode users  2690 Nov  1 01:33 README.md
drwxr-xr-x 1 NextLevelCode users    14 Oct 31 13:07 assets
-rw-r--r-- 1 NextLevelCode users   258 Dec 28 22:45 docker-compose.yml
drwxr-xr-x 1 NextLevelCode users   372 Dec 28 21:27 src
drwxr-xr-x 1 NextLevelCode users    80 Dec 28 20:20 target
total 44
drwxr-xr-x 1 NextLevelCode users   186 Dec 31 09:31 .
drwxr-xr-x 1 NextLevelCode users   578 Dec 17 08:19 ..
drwxr-xr-x 1 NextLevelCode users   202 Dec 31 09:31 .git
drwxr-xr-x 1 NextLevelCode users    18 Dec 31 09:31 .github
-rw-r--r-- 1 NextLevelCode users     8 Oct 30 00:50 .gitignore
-rw-r--r-- 1 NextLevelCode users 22034 Dec 28 13:40 Cargo.lock
-rw-r--r-- 1 NextLevelCode users   354 Dec 28 20:21 Cargo.toml
-rw-r--r-- 1 NextLevelCode users   223 Dec 28 20:27 Dockerfile
-rw-r--r-- 1 NextLevelCode users  2690 Nov  1 01:33 README.md
drwxr-xr-x 1 NextLevelCode users    14 Oct 31 13:07 assets
-rw-r--r-- 1 NextLevelCode users   258 Dec 28 22:45 docker-compose.yml
drwxr-xr-x 1 NextLevelCode users   372 Dec 31 09:31 src
drwxr-xr-x 1 NextLevelCode users    80 Dec 28 20:20 target
